<?xml version="1.0" encoding="UTF-8"?>
<testsuite name="org.example.XmlSerializerTest" tests="1" skipped="0" failures="0" errors="0" timestamp="2022-01-28T15:44:54" hostname="ms7599ubuntu" time="0.058">
  <properties/>
  <testcase name="serializeTest()" classname="org.example.XmlSerializerTest" time="0.058"/>
  <system-out><![CDATA[]]></system-out>
  <system-err><![CDATA[]]></system-err>
</testsuite>
